\BOOKMARK [1][-]{section.1}{Introduction}{}% 1
\BOOKMARK [2][-]{subsection.1.1}{Background}{section.1}% 2
\BOOKMARK [2][-]{subsection.1.2}{Work}{section.1}% 3
\BOOKMARK [1][-]{section.2}{Problem\040Analysis}{}% 4
\BOOKMARK [1][-]{section.3}{Symbol\040and\040Assumptions}{}% 5
\BOOKMARK [2][-]{subsection.3.1}{Symbol\040Description}{section.3}% 6
\BOOKMARK [2][-]{subsection.3.2}{Fundamental\040assumptions}{section.3}% 7
\BOOKMARK [1][-]{section.4}{Establishment\040and\040solution\040of\040the\040model}{}% 8
\BOOKMARK [2][-]{subsection.4.1}{The\040model\040of\040Problem\0401}{section.4}% 9
\BOOKMARK [3][-]{subsubsection.4.1.1}{Establishment\040of\040model}{subsection.4.1}% 10
\BOOKMARK [3][-]{subsubsection.4.1.2}{Solution\040of\040Grey\040Markov\040Model}{subsection.4.1}% 11
\BOOKMARK [3][-]{subsubsection.4.1.3}{Conclusion}{subsection.4.1}% 12
\BOOKMARK [2][-]{subsection.4.2}{The\040model\040of\040Problem\0402}{section.4}% 13
\BOOKMARK [3][-]{subsubsection.4.2.1}{Establishment\040of\040model}{subsection.4.2}% 14
\BOOKMARK [3][-]{subsubsection.4.2.2}{Calculation\040of\040predictors}{subsection.4.2}% 15
\BOOKMARK [3][-]{subsubsection.4.2.3}{TOPSIS}{subsection.4.2}% 16
\BOOKMARK [3][-]{subsubsection.4.2.4}{Results\040and\040Conclusion}{subsection.4.2}% 17
\BOOKMARK [2][-]{subsection.4.3}{The\040model\040of\040Problem\0403}{section.4}% 18
\BOOKMARK [2][-]{subsection.4.4}{The\040model\040of\040Problem\0404}{section.4}% 19
\BOOKMARK [1][-]{section.5}{Sensitivity\040Analysis}{}% 20
\BOOKMARK [1][-]{section.6}{Strengths\040and\040Weaknesses}{}% 21
\BOOKMARK [2][-]{subsection.6.1}{Strengths}{section.6}% 22
\BOOKMARK [2][-]{subsection.6.2}{Weaknesses}{section.6}% 23
\BOOKMARK [1][-]{section.7}{Conclusion}{}% 24
