\BOOKMARK [1][-]{section.1}{\376\377\225\356\230\230\221\315\217\360}{}% 1
\BOOKMARK [2][-]{subsection.1.1}{\376\377\225\356\230\230\200\314\146\157}{section.1}% 2
\BOOKMARK [2][-]{subsection.1.2}{\376\377\225\356\230\230\151\202\217\360}{section.1}% 3
\BOOKMARK [1][-]{section.2}{\376\377\152\041\127\213\120\107\213\276}{}% 4
\BOOKMARK [1][-]{section.3}{\376\377\173\046\123\367\213\364\146\016}{}% 5
\BOOKMARK [1][-]{section.4}{\376\377\225\356\230\230\116\000\152\041\127\213\166\204\136\372\172\313\116\016\154\102\211\343}{}% 6
\BOOKMARK [2][-]{subsection.4.1}{\376\377\225\356\230\230\143\317\217\360\116\016\122\006\147\220}{section.4}% 7
\BOOKMARK [2][-]{subsection.4.2}{\376\377\152\041\127\213\166\204\136\372\172\313}{section.4}% 8
\BOOKMARK [3][-]{subsubsection.4.2.1}{\376\377\160\160\136\246\230\204\155\113\000G\000M\000\050\0001\000,\0001\000\051}{subsection.4.2}% 9
\BOOKMARK [3][-]{subsubsection.4.2.2}{\376\377\232\154\134\024\171\321\131\053\152\041\127\213\150\041\153\143}{subsection.4.2}% 10
\BOOKMARK [3][-]{subsubsection.4.2.3}{\376\377\230\204\155\113\176\323\147\234\213\304\116\367\143\007\150\007}{subsection.4.2}% 11
\BOOKMARK [2][-]{subsection.4.3}{\376\377\152\041\127\213\166\204\154\102\211\343}{section.4}% 12
\BOOKMARK [2][-]{subsection.4.4}{\376\377\176\323\147\234\122\006\147\220}{section.4}% 13
\BOOKMARK [1][-]{section.5}{\376\377\225\356\230\230\116\214\152\041\127\213\166\204\136\372\172\313\116\016\154\102\211\343}{}% 14
\BOOKMARK [2][-]{subsection.5.1}{\376\377\225\356\230\230\143\317\217\360\116\016\122\006\147\220}{section.5}% 15
\BOOKMARK [1][-]{section.6}{\376\377\152\041\127\213\166\204\213\304\116\367}{}% 16
\BOOKMARK [2][-]{subsection.6.1}{\376\377\152\041\127\213\166\204\117\030\160\271}{section.6}% 17
\BOOKMARK [2][-]{subsection.6.2}{\376\377\152\041\127\213\166\204\177\072\160\271}{section.6}% 18
\BOOKMARK [2][-]{subsection.6.3}{\376\377\152\041\127\213\145\071\217\333}{section.6}% 19
\BOOKMARK [1][-]{appendix.A}{\376\377\116\343\170\001}{}% 20
\BOOKMARK [2][-]{subsection.A.1}{\376\377\225\356\230\230\116\000\154\231\167\363\173\227\154\325\040\023\000p\000y\000t\000h\000o\000n\156\220\116\343\170\001}{appendix.A}% 21
\BOOKMARK [2][-]{subsection.A.2}{\376\377\225\356\230\230\116\214\154\231\167\363\220\127\117\040\116\016\145\366\225\364\217\164\116\377\167\037\152\041\127\213\040\023\000p\000y\000t\000h\000o\000n\156\220\116\343\170\001}{appendix.A}% 22
\BOOKMARK [2][-]{subsection.A.3}{\376\377\225\356\230\230\116\011\145\071\217\333\145\366\225\364\217\164\116\377\167\037\152\041\127\213\040\023\000p\000y\000t\000h\000o\000n\156\220\116\343\170\001}{appendix.A}% 23
