\BOOKMARK [1][-]{section.1}{\376\377\225\356\230\230\221\315\217\360}{}% 1
\BOOKMARK [2][-]{subsection.1.1}{\376\377\225\356\230\230\200\314\146\157}{section.1}% 2
\BOOKMARK [2][-]{subsection.1.2}{\376\377\225\356\230\230\151\202\217\360}{section.1}% 3
\BOOKMARK [1][-]{section.2}{\376\377\152\041\127\213\120\107\213\276}{}% 4
\BOOKMARK [1][-]{section.3}{\376\377\173\046\123\367\213\364\146\016}{}% 5
\BOOKMARK [1][-]{section.4}{\376\377\225\356\230\230\116\000\152\041\127\213\166\204\136\372\172\313\116\016\154\102\211\343}{}% 6
\BOOKMARK [2][-]{subsection.4.1}{\376\377\225\356\230\230\143\317\217\360\116\016\122\006\147\220}{section.4}% 7
\BOOKMARK [2][-]{subsection.4.2}{\376\377\152\041\127\213\166\204\136\372\172\313}{section.4}% 8
\BOOKMARK [3][-]{subsubsection.4.2.1}{\376\377\121\165\122\233\060\001\210\305\131\007\116\016\202\071\217\175\166\204\227\142\171\357\221\317\123\026}{subsection.4.2}% 9
\BOOKMARK [3][-]{subsubsection.4.2.2}{\376\377\117\030\123\026\121\375\145\160\116\016\176\246\147\137\147\141\116\366}{subsection.4.2}% 10
\BOOKMARK [2][-]{subsection.4.3}{\376\377\152\041\127\213\166\204\154\102\211\343}{section.4}% 11
\BOOKMARK [3][-]{subsubsection.4.3.1}{\376\377\154\231\167\363\173\227\154\325}{subsection.4.3}% 12
\BOOKMARK [2][-]{subsection.4.4}{\376\377\176\323\147\234\122\006\147\220}{section.4}% 13
\BOOKMARK [1][-]{section.5}{\376\377\225\356\230\230\116\214\152\041\127\213\166\204\136\372\172\313\116\016\154\102\211\343}{}% 14
\BOOKMARK [2][-]{subsection.5.1}{\376\377\225\356\230\230\166\204\143\317\217\360\116\016\122\006\147\220}{section.5}% 15
\BOOKMARK [2][-]{subsection.5.2}{\376\377\152\041\127\213\166\204\136\372\172\313}{section.5}% 16
\BOOKMARK [3][-]{subsubsection.5.2.1}{\376\377\117\030\123\026\121\375\145\160\116\016\176\246\147\137\147\141\116\366}{subsection.5.2}% 17
\BOOKMARK [3][-]{subsubsection.5.2.2}{\376\377\154\312\123\343\116\377\167\037\152\041\127\213}{subsection.5.2}% 18
\BOOKMARK [3][-]{subsubsection.5.2.3}{\376\377\220\127\117\040\173\227\154\325}{subsection.5.2}% 19
\BOOKMARK [2][-]{subsection.5.3}{\376\377\152\041\127\213\166\204\154\102\211\343}{section.5}% 20
\BOOKMARK [2][-]{subsection.5.4}{\376\377\176\323\147\234\122\006\147\220}{section.5}% 21
\BOOKMARK [1][-]{section.6}{\376\377\225\356\230\230\116\011\152\041\127\213\166\204\136\372\172\313\116\016\154\102\211\343}{}% 22
\BOOKMARK [2][-]{subsection.6.1}{\376\377\225\356\230\230\143\317\217\360\116\016\122\006\147\220}{section.6}% 23
\BOOKMARK [2][-]{subsection.6.2}{\376\377\152\041\127\213\166\204\136\372\172\313\116\016\154\102\211\343}{section.6}% 24
\BOOKMARK [2][-]{subsection.6.3}{\376\377\176\323\147\234\122\006\147\220}{section.6}% 25
\BOOKMARK [1][-]{section.7}{\376\377\152\041\127\213\166\204\213\304\116\367}{}% 26
\BOOKMARK [2][-]{subsection.7.1}{\376\377\152\041\127\213\166\204\117\030\160\271}{section.7}% 27
\BOOKMARK [2][-]{subsection.7.2}{\376\377\152\041\127\213\166\204\177\072\160\271}{section.7}% 28
\BOOKMARK [1][-]{appendix.A}{\376\377\116\343\170\001}{}% 29
\BOOKMARK [2][-]{subsection.A.1}{\376\377\126\376\162\107\124\015\171\360\213\373\123\326\040\023\000m\000a\000t\000l\000a\000b\156\220\116\343\170\001}{appendix.A}% 30
