\BOOKMARK [1][-]{section.1}{\376\377\225\356\230\230\221\315\217\360}{}% 1
\BOOKMARK [2][-]{subsection.1.1}{\376\377\225\356\230\230\200\314\146\157}{section.1}% 2
\BOOKMARK [2][-]{subsection.1.2}{\376\377\225\356\230\230\143\320\121\372}{section.1}% 3
\BOOKMARK [1][-]{section.2}{\376\377\152\041\127\213\120\107\213\276}{}% 4
\BOOKMARK [1][-]{section.3}{\376\377\173\046\123\367\213\364\146\016}{}% 5
\BOOKMARK [1][-]{section.4}{\376\377\116\000\176\247\150\007\230\230}{}% 6
\BOOKMARK [2][-]{subsection.4.1}{\376\377\116\214\176\247\150\007\230\230}{section.4}% 7
\BOOKMARK [3][-]{subsubsection.4.1.1}{\376\377\116\011\176\247\150\007\230\230}{subsection.4.1}% 8
\BOOKMARK [1][-]{section.5}{\376\377\225\356\230\230\116\000\152\041\127\213\166\204\136\372\172\313\116\016\154\102\211\343}{}% 9
\BOOKMARK [2][-]{subsection.5.1}{\376\377\225\356\230\230\166\204\143\317\217\360\116\016\122\006\147\220}{section.5}% 10
\BOOKMARK [2][-]{subsection.5.2}{\376\377\152\041\127\213\166\204\136\372\172\313\116\016\154\102\211\343}{section.5}% 11
\BOOKMARK [3][-]{subsubsection.5.2.1}{\376\377\213\304\116\367\143\007\150\007\136\372\172\313}{subsection.5.2}% 12
\BOOKMARK [3][-]{subsubsection.5.2.2}{\376\377\121\154\126\340\133\120\166\204\170\156\133\232}{subsection.5.2}% 13
\BOOKMARK [3][-]{subsubsection.5.2.3}{\376\377\147\052\217\154\217\164\166\204\126\340\133\120\217\175\203\167\167\351\226\065}{subsection.5.2}% 14
\BOOKMARK [3][-]{subsubsection.5.2.4}{\376\377\147\052\217\154\217\164\166\204\126\340\133\120\217\175\203\167\167\351\226\065}{subsection.5.2}% 15
\BOOKMARK [3][-]{subsubsection.5.2.5}{\376\377\154\102\137\227\126\340\133\120\137\227\122\006\124\214\176\374\124\010\176\351\145\110\137\227\122\006}{subsection.5.2}% 16
\BOOKMARK [2][-]{subsection.5.3}{\376\377\176\323\147\234\122\006\147\220}{section.5}% 17
\BOOKMARK [1][-]{section.6}{\376\377\225\356\230\230\116\214\152\041\127\213\166\204\136\372\172\313\116\016\154\102\211\343}{}% 18
\BOOKMARK [2][-]{subsection.6.1}{\376\377\225\356\230\230\166\204\143\317\217\360\116\016\122\006\147\220}{section.6}% 19
\BOOKMARK [2][-]{subsection.6.2}{\376\377\152\041\127\213\166\204\136\372\172\313\116\016\154\102\211\343}{section.6}% 20
\BOOKMARK [1][-]{section.7}{\376\377\225\356\230\230\116\011\152\041\127\213\166\204\136\372\172\313\116\016\154\102\211\343}{}% 21
\BOOKMARK [2][-]{subsection.7.1}{\376\377\225\356\230\230\166\204\143\317\217\360\116\016\122\006\147\220}{section.7}% 22
\BOOKMARK [2][-]{subsection.7.2}{\376\377\152\041\127\213\166\204\136\372\172\313\116\016\154\102\211\343}{section.7}% 23
\BOOKMARK [1][-]{section.8}{\376\377\225\356\230\230\126\333\152\041\127\213\166\204\136\372\172\313\116\016\154\102\211\343}{}% 24
\BOOKMARK [2][-]{subsection.8.1}{\376\377\225\356\230\230\166\204\143\317\217\360\116\016\122\006\147\220}{section.8}% 25
\BOOKMARK [2][-]{subsection.8.2}{\376\377\152\041\127\213\166\204\136\372\172\313\116\016\154\102\211\343}{section.8}% 26
\BOOKMARK [1][-]{section.9}{\376\377\152\041\127\213\166\204\213\304\116\367}{}% 27
\BOOKMARK [2][-]{subsection.9.1}{\376\377\152\041\127\213\166\204\117\030\160\271}{section.9}% 28
\BOOKMARK [2][-]{subsection.9.2}{\376\377\152\041\127\213\166\204\177\072\160\271}{section.9}% 29
\BOOKMARK [2][-]{subsection.9.3}{\376\377\152\041\127\213\166\204\145\071\217\333\116\016\134\125\147\033}{section.9}% 30
\BOOKMARK [1][-]{appendix.A}{\376\377\116\343\170\001}{}% 31
\BOOKMARK [2][-]{subsection.A.1}{\376\377\162\054\123\326\145\160\143\156\040\023\000p\000y\000t\000h\000o\000n\156\220\116\343\170\001}{appendix.A}% 32
